<?xml version="1.0" encoding="UTF-8"?>
<testsuite xmlns:xsi="http://www.w3.org/2001/XMLSchema-instance" xsi:noNamespaceSchemaLocation="https://maven.apache.org/surefire/maven-surefire-plugin/xsd/surefire-test-report.xsd" name="com.infosystem.files.AppTest" time="0.071" tests="1" errors="0" skipped="0" failures="0">
  <properties>
    <property name="sun.desktop" value="windows"/>
    <property name="awt.toolkit" value="sun.awt.windows.WToolkit"/>
    <property name="java.specification.version" value="11"/>
    <property name="sun.cpu.isalist" value="amd64"/>
    <property name="sun.jnu.encoding" value="Cp1253"/>
    <property name="java.class.path" value="C:\Users\johnp\Documents\CodesHere\information_system_bk1.8\info-system-flink\target\test-classes;C:\Users\johnp\Documents\CodesHere\information_system_bk1.8\info-system-flink\target\classes;C:\Users\johnp\.m2\repository\org\apache\httpcomponents\httpclient\4.5.13\httpclient-4.5.13.jar;C:\Users\johnp\.m2\repository\org\apache\httpcomponents\httpcore\4.4.13\httpcore-4.4.13.jar;C:\Users\johnp\.m2\repository\commons-logging\commons-logging\1.2\commons-logging-1.2.jar;C:\Users\johnp\.m2\repository\commons-codec\commons-codec\1.11\commons-codec-1.11.jar;C:\Users\johnp\.m2\repository\org\apache\hadoop\hadoop-common\2.7.4\hadoop-common-2.7.4.jar;C:\Users\johnp\.m2\repository\org\apache\hadoop\hadoop-annotations\2.7.4\hadoop-annotations-2.7.4.jar;C:\Users\johnp\.m2\repository\com\google\guava\guava\11.0.2\guava-11.0.2.jar;C:\Users\johnp\.m2\repository\commons-cli\commons-cli\1.2\commons-cli-1.2.jar;C:\Users\johnp\.m2\repository\org\apache\commons\commons-math3\3.1.1\commons-math3-3.1.1.jar;C:\Users\johnp\.m2\repository\xmlenc\xmlenc\0.52\xmlenc-0.52.jar;C:\Users\johnp\.m2\repository\commons-httpclient\commons-httpclient\3.1\commons-httpclient-3.1.jar;C:\Users\johnp\.m2\repository\commons-io\commons-io\2.4\commons-io-2.4.jar;C:\Users\johnp\.m2\repository\commons-net\commons-net\3.1\commons-net-3.1.jar;C:\Users\johnp\.m2\repository\commons-collections\commons-collections\3.2.2\commons-collections-3.2.2.jar;C:\Users\johnp\.m2\repository\javax\servlet\servlet-api\2.5\servlet-api-2.5.jar;C:\Users\johnp\.m2\repository\org\mortbay\jetty\jetty\6.1.26\jetty-6.1.26.jar;C:\Users\johnp\.m2\repository\org\mortbay\jetty\jetty-util\6.1.26\jetty-util-6.1.26.jar;C:\Users\johnp\.m2\repository\org\mortbay\jetty\jetty-sslengine\6.1.26\jetty-sslengine-6.1.26.jar;C:\Users\johnp\.m2\repository\javax\servlet\jsp\jsp-api\2.1\jsp-api-2.1.jar;C:\Users\johnp\.m2\repository\com\sun\jersey\jersey-core\1.9\jersey-core-1.9.jar;C:\Users\johnp\.m2\repository\com\sun\jersey\jersey-json\1.9\jersey-json-1.9.jar;C:\Users\johnp\.m2\repository\org\codehaus\jettison\jettison\1.1\jettison-1.1.jar;C:\Users\johnp\.m2\repository\com\sun\xml\bind\jaxb-impl\2.2.3-1\jaxb-impl-2.2.3-1.jar;C:\Users\johnp\.m2\repository\org\codehaus\jackson\jackson-jaxrs\1.8.3\jackson-jaxrs-1.8.3.jar;C:\Users\johnp\.m2\repository\org\codehaus\jackson\jackson-xc\1.8.3\jackson-xc-1.8.3.jar;C:\Users\johnp\.m2\repository\com\sun\jersey\jersey-server\1.9\jersey-server-1.9.jar;C:\Users\johnp\.m2\repository\asm\asm\3.1\asm-3.1.jar;C:\Users\johnp\.m2\repository\log4j\log4j\1.2.17\log4j-1.2.17.jar;C:\Users\johnp\.m2\repository\net\java\dev\jets3t\jets3t\0.9.0\jets3t-0.9.0.jar;C:\Users\johnp\.m2\repository\com\jamesmurty\utils\java-xmlbuilder\0.4\java-xmlbuilder-0.4.jar;C:\Users\johnp\.m2\repository\commons-lang\commons-lang\2.6\commons-lang-2.6.jar;C:\Users\johnp\.m2\repository\commons-configuration\commons-configuration\1.6\commons-configuration-1.6.jar;C:\Users\johnp\.m2\repository\commons-digester\commons-digester\1.8\commons-digester-1.8.jar;C:\Users\johnp\.m2\repository\commons-beanutils\commons-beanutils\1.7.0\commons-beanutils-1.7.0.jar;C:\Users\johnp\.m2\repository\commons-beanutils\commons-beanutils-core\1.8.0\commons-beanutils-core-1.8.0.jar;C:\Users\johnp\.m2\repository\org\slf4j\slf4j-api\1.7.10\slf4j-api-1.7.10.jar;C:\Users\johnp\.m2\repository\org\slf4j\slf4j-log4j12\1.7.10\slf4j-log4j12-1.7.10.jar;C:\Users\johnp\.m2\repository\org\codehaus\jackson\jackson-core-asl\1.9.13\jackson-core-asl-1.9.13.jar;C:\Users\johnp\.m2\repository\org\codehaus\jackson\jackson-mapper-asl\1.9.13\jackson-mapper-asl-1.9.13.jar;C:\Users\johnp\.m2\repository\org\apache\avro\avro\1.7.4\avro-1.7.4.jar;C:\Users\johnp\.m2\repository\com\thoughtworks\paranamer\paranamer\2.3\paranamer-2.3.jar;C:\Users\johnp\.m2\repository\com\google\protobuf\protobuf-java\2.5.0\protobuf-java-2.5.0.jar;C:\Users\johnp\.m2\repository\com\google\code\gson\gson\2.2.4\gson-2.2.4.jar;C:\Users\johnp\.m2\repository\org\apache\hadoop\hadoop-auth\2.7.4\hadoop-auth-2.7.4.jar;C:\Users\johnp\.m2\repository\org\apache\directory\server\apacheds-kerberos-codec\2.0.0-M15\apacheds-kerberos-codec-2.0.0-M15.jar;C:\Users\johnp\.m2\repository\org\apache\directory\server\apacheds-i18n\2.0.0-M15\apacheds-i18n-2.0.0-M15.jar;C:\Users\johnp\.m2\repository\org\apache\directory\api\api-asn1-api\1.0.0-M20\api-asn1-api-1.0.0-M20.jar;C:\Users\johnp\.m2\repository\org\apache\directory\api\api-util\1.0.0-M20\api-util-1.0.0-M20.jar;C:\Users\johnp\.m2\repository\org\apache\curator\curator-framework\2.7.1\curator-framework-2.7.1.jar;C:\Users\johnp\.m2\repository\com\jcraft\jsch\0.1.54\jsch-0.1.54.jar;C:\Users\johnp\.m2\repository\org\apache\curator\curator-client\2.7.1\curator-client-2.7.1.jar;C:\Users\johnp\.m2\repository\org\apache\curator\curator-recipes\2.7.1\curator-recipes-2.7.1.jar;C:\Users\johnp\.m2\repository\com\google\code\findbugs\jsr305\3.0.0\jsr305-3.0.0.jar;C:\Users\johnp\.m2\repository\org\apache\htrace\htrace-core\3.1.0-incubating\htrace-core-3.1.0-incubating.jar;C:\Users\johnp\.m2\repository\org\apache\zookeeper\zookeeper\3.4.6\zookeeper-3.4.6.jar;C:\Users\johnp\.m2\repository\org\apache\commons\commons-compress\1.4.1\commons-compress-1.4.1.jar;C:\Users\johnp\.m2\repository\org\tukaani\xz\1.0\xz-1.0.jar;C:\Users\johnp\.m2\repository\org\apache\hadoop\hadoop-mapreduce-client-core\2.6.0\hadoop-mapreduce-client-core-2.6.0.jar;C:\Users\johnp\.m2\repository\org\apache\hadoop\hadoop-yarn-common\2.6.0\hadoop-yarn-common-2.6.0.jar;C:\Users\johnp\.m2\repository\org\apache\hadoop\hadoop-yarn-api\2.6.0\hadoop-yarn-api-2.6.0.jar;C:\Users\johnp\.m2\repository\javax\xml\bind\jaxb-api\2.2.2\jaxb-api-2.2.2.jar;C:\Users\johnp\.m2\repository\javax\xml\stream\stax-api\1.0-2\stax-api-1.0-2.jar;C:\Users\johnp\.m2\repository\javax\activation\activation\1.1\activation-1.1.jar;C:\Users\johnp\.m2\repository\com\sun\jersey\jersey-client\1.9\jersey-client-1.9.jar;C:\Users\johnp\.m2\repository\com\google\inject\guice\3.0\guice-3.0.jar;C:\Users\johnp\.m2\repository\javax\inject\javax.inject\1\javax.inject-1.jar;C:\Users\johnp\.m2\repository\aopalliance\aopalliance\1.0\aopalliance-1.0.jar;C:\Users\johnp\.m2\repository\com\sun\jersey\contribs\jersey-guice\1.9\jersey-guice-1.9.jar;C:\Users\johnp\.m2\repository\com\google\inject\extensions\guice-servlet\3.0\guice-servlet-3.0.jar;C:\Users\johnp\.m2\repository\io\netty\netty\3.6.2.Final\netty-3.6.2.Final.jar;C:\Users\johnp\.m2\repository\org\apache\flink\flink-hadoop-compatibility_2.12\1.16.1\flink-hadoop-compatibility_2.12-1.16.1.jar;C:\Users\johnp\.m2\repository\org\apache\flink\flink-shaded-force-shading\15.0\flink-shaded-force-shading-15.0.jar;C:\Users\johnp\.m2\repository\org\apache\flink\flink-scala_2.12\1.16.1\flink-scala_2.12-1.16.1.jar;C:\Users\johnp\.m2\repository\org\apache\flink\flink-core\1.16.1\flink-core-1.16.1.jar;C:\Users\johnp\.m2\repository\org\apache\flink\flink-annotations\1.16.1\flink-annotations-1.16.1.jar;C:\Users\johnp\.m2\repository\org\apache\flink\flink-metrics-core\1.16.1\flink-metrics-core-1.16.1.jar;C:\Users\johnp\.m2\repository\com\esotericsoftware\kryo\kryo\2.24.0\kryo-2.24.0.jar;C:\Users\johnp\.m2\repository\com\esotericsoftware\minlog\minlog\1.2\minlog-1.2.jar;C:\Users\johnp\.m2\repository\org\objenesis\objenesis\2.1\objenesis-2.1.jar;C:\Users\johnp\.m2\repository\org\apache\flink\flink-java\1.16.1\flink-java-1.16.1.jar;C:\Users\johnp\.m2\repository\com\twitter\chill-java\0.7.6\chill-java-0.7.6.jar;C:\Users\johnp\.m2\repository\org\apache\flink\flink-shaded-asm-9\9.2-15.0\flink-shaded-asm-9-9.2-15.0.jar;C:\Users\johnp\.m2\repository\org\scala-lang\scala-reflect\2.12.7\scala-reflect-2.12.7.jar;C:\Users\johnp\.m2\repository\org\scala-lang\scala-compiler\2.12.7\scala-compiler-2.12.7.jar;C:\Users\johnp\.m2\repository\org\scala-lang\modules\scala-xml_2.12\1.0.6\scala-xml_2.12-1.0.6.jar;C:\Users\johnp\.m2\repository\com\twitter\chill_2.12\0.7.6\chill_2.12-0.7.6.jar;C:\Users\johnp\.m2\repository\org\apache\flink\flink-streaming-scala_2.12\1.16.1\flink-streaming-scala_2.12-1.16.1.jar;C:\Users\johnp\.m2\repository\org\apache\flink\flink-streaming-java\1.16.1\flink-streaming-java-1.16.1.jar;C:\Users\johnp\.m2\repository\org\apache\flink\flink-file-sink-common\1.16.1\flink-file-sink-common-1.16.1.jar;C:\Users\johnp\.m2\repository\org\apache\flink\flink-runtime\1.16.1\flink-runtime-1.16.1.jar;C:\Users\johnp\.m2\repository\org\apache\flink\flink-rpc-core\1.16.1\flink-rpc-core-1.16.1.jar;C:\Users\johnp\.m2\repository\org\apache\flink\flink-rpc-akka-loader\1.16.1\flink-rpc-akka-loader-1.16.1.jar;C:\Users\johnp\.m2\repository\org\apache\flink\flink-queryable-state-client-java\1.16.1\flink-queryable-state-client-java-1.16.1.jar;C:\Users\johnp\.m2\repository\org\apache\flink\flink-hadoop-fs\1.16.1\flink-hadoop-fs-1.16.1.jar;C:\Users\johnp\.m2\repository\org\apache\flink\flink-shaded-netty\4.1.70.Final-15.0\flink-shaded-netty-4.1.70.Final-15.0.jar;C:\Users\johnp\.m2\repository\org\apache\flink\flink-shaded-guava\30.1.1-jre-15.0\flink-shaded-guava-30.1.1-jre-15.0.jar;C:\Users\johnp\.m2\repository\org\apache\flink\flink-shaded-jackson\2.12.4-15.0\flink-shaded-jackson-2.12.4-15.0.jar;C:\Users\johnp\.m2\repository\org\apache\flink\flink-shaded-zookeeper-3\3.5.9-15.0\flink-shaded-zookeeper-3-3.5.9-15.0.jar;C:\Users\johnp\.m2\repository\org\apache\commons\commons-lang3\3.3.2\commons-lang3-3.3.2.jar;C:\Users\johnp\.m2\repository\org\javassist\javassist\3.24.0-GA\javassist-3.24.0-GA.jar;C:\Users\johnp\.m2\repository\org\xerial\snappy\snappy-java\1.1.8.3\snappy-java-1.1.8.3.jar;C:\Users\johnp\.m2\repository\org\lz4\lz4-java\1.8.0\lz4-java-1.8.0.jar;C:\Users\johnp\.m2\repository\org\apache\flink\flink-runtime-web\1.16.1\flink-runtime-web-1.16.1.jar;C:\Users\johnp\.m2\repository\org\apache\flink\flink-clients\1.16.1\flink-clients-1.16.1.jar;C:\Users\johnp\.m2\repository\org\apache\flink\flink-optimizer\1.16.1\flink-optimizer-1.16.1.jar;C:\Users\johnp\.m2\repository\org\scala-lang\scala-library\2.12.12\scala-library-2.12.12.jar;C:\Users\johnp\.m2\repository\org\apache\flink\flink-table-api-java-bridge\1.16.1\flink-table-api-java-bridge-1.16.1.jar;C:\Users\johnp\.m2\repository\org\apache\flink\flink-table-api-java\1.16.1\flink-table-api-java-1.16.1.jar;C:\Users\johnp\.m2\repository\org\apache\flink\flink-table-api-bridge-base\1.16.1\flink-table-api-bridge-base-1.16.1.jar;C:\Users\johnp\.m2\repository\org\apache\flink\flink-table-runtime\1.16.1\flink-table-runtime-1.16.1.jar;C:\Users\johnp\.m2\repository\org\apache\flink\flink-table-common\1.16.1\flink-table-common-1.16.1.jar;C:\Users\johnp\.m2\repository\com\ibm\icu\icu4j\67.1\icu4j-67.1.jar;C:\Users\johnp\.m2\repository\org\apache\flink\flink-cep\1.16.1\flink-cep-1.16.1.jar;C:\Users\johnp\.m2\repository\org\apache\flink\flink-table-planner-loader\1.16.1\flink-table-planner-loader-1.16.1.jar;C:\Users\johnp\.m2\repository\org\apache\flink\flink-csv\1.16.1\flink-csv-1.16.1.jar;C:\Users\johnp\.m2\repository\org\apache\flink\flink-json\1.16.1\flink-json-1.16.1.jar;C:\Users\johnp\.m2\repository\org\apache\flink\flink-statebackend-rocksdb\1.16.1\flink-statebackend-rocksdb-1.16.1.jar;C:\Users\johnp\.m2\repository\com\ververica\frocksdbjni\6.20.3-ververica-1.0\frocksdbjni-6.20.3-ververica-1.0.jar;C:\Users\johnp\.m2\repository\org\apache\flink\flink-connector-kafka\1.16.1\flink-connector-kafka-1.16.1.jar;C:\Users\johnp\.m2\repository\org\apache\flink\flink-connector-base\1.16.1\flink-connector-base-1.16.1.jar;C:\Users\johnp\.m2\repository\org\apache\kafka\kafka-clients\3.2.3\kafka-clients-3.2.3.jar;C:\Users\johnp\.m2\repository\com\github\luben\zstd-jni\1.5.2-1\zstd-jni-1.5.2-1.jar;C:\Users\johnp\.m2\repository\org\apache\flink\flink-connector-rabbitmq\1.16.1\flink-connector-rabbitmq-1.16.1.jar;C:\Users\johnp\.m2\repository\com\rabbitmq\amqp-client\5.13.1\amqp-client-5.13.1.jar;C:\Users\johnp\.m2\repository\org\apache\logging\log4j\log4j-slf4j-impl\2.17.1\log4j-slf4j-impl-2.17.1.jar;C:\Users\johnp\.m2\repository\org\apache\logging\log4j\log4j-api\2.17.1\log4j-api-2.17.1.jar;C:\Users\johnp\.m2\repository\org\apache\logging\log4j\log4j-core\2.17.1\log4j-core-2.17.1.jar;C:\Users\johnp\.m2\repository\junit\junit\4.11\junit-4.11.jar;C:\Users\johnp\.m2\repository\org\hamcrest\hamcrest-core\1.3\hamcrest-core-1.3.jar;"/>
    <property name="java.vm.vendor" value="Oracle Corporation"/>
    <property name="sun.arch.data.model" value="64"/>
    <property name="user.variant" value=""/>
    <property name="java.vendor.url" value="https://openjdk.java.net/"/>
    <property name="user.timezone" value="Europe/Athens"/>
    <property name="user.country.format" value="GR"/>
    <property name="java.vm.specification.version" value="11"/>
    <property name="os.name" value="Windows 11"/>
    <property name="sun.java.launcher" value="SUN_STANDARD"/>
    <property name="user.country" value="US"/>
    <property name="sun.boot.library.path" value="C:\Java\jdk-11.0.17\bin"/>
    <property name="sun.java.command" value="C:\Users\johnp\AppData\Local\Temp\surefire3145053982694552721\surefirebooter10818968213216003218.jar C:\Users\johnp\AppData\Local\Temp\surefire3145053982694552721 2023-02-11T18-07-26_110-jvmRun1 surefire14534119637197564846tmp surefire_01101563488934042507tmp"/>
    <property name="jdk.debug" value="release"/>
    <property name="surefire.test.class.path" value="C:\Users\johnp\Documents\CodesHere\information_system_bk1.8\info-system-flink\target\test-classes;C:\Users\johnp\Documents\CodesHere\information_system_bk1.8\info-system-flink\target\classes;C:\Users\johnp\.m2\repository\org\apache\httpcomponents\httpclient\4.5.13\httpclient-4.5.13.jar;C:\Users\johnp\.m2\repository\org\apache\httpcomponents\httpcore\4.4.13\httpcore-4.4.13.jar;C:\Users\johnp\.m2\repository\commons-logging\commons-logging\1.2\commons-logging-1.2.jar;C:\Users\johnp\.m2\repository\commons-codec\commons-codec\1.11\commons-codec-1.11.jar;C:\Users\johnp\.m2\repository\org\apache\hadoop\hadoop-common\2.7.4\hadoop-common-2.7.4.jar;C:\Users\johnp\.m2\repository\org\apache\hadoop\hadoop-annotations\2.7.4\hadoop-annotations-2.7.4.jar;C:\Users\johnp\.m2\repository\com\google\guava\guava\11.0.2\guava-11.0.2.jar;C:\Users\johnp\.m2\repository\commons-cli\commons-cli\1.2\commons-cli-1.2.jar;C:\Users\johnp\.m2\repository\org\apache\commons\commons-math3\3.1.1\commons-math3-3.1.1.jar;C:\Users\johnp\.m2\repository\xmlenc\xmlenc\0.52\xmlenc-0.52.jar;C:\Users\johnp\.m2\repository\commons-httpclient\commons-httpclient\3.1\commons-httpclient-3.1.jar;C:\Users\johnp\.m2\repository\commons-io\commons-io\2.4\commons-io-2.4.jar;C:\Users\johnp\.m2\repository\commons-net\commons-net\3.1\commons-net-3.1.jar;C:\Users\johnp\.m2\repository\commons-collections\commons-collections\3.2.2\commons-collections-3.2.2.jar;C:\Users\johnp\.m2\repository\javax\servlet\servlet-api\2.5\servlet-api-2.5.jar;C:\Users\johnp\.m2\repository\org\mortbay\jetty\jetty\6.1.26\jetty-6.1.26.jar;C:\Users\johnp\.m2\repository\org\mortbay\jetty\jetty-util\6.1.26\jetty-util-6.1.26.jar;C:\Users\johnp\.m2\repository\org\mortbay\jetty\jetty-sslengine\6.1.26\jetty-sslengine-6.1.26.jar;C:\Users\johnp\.m2\repository\javax\servlet\jsp\jsp-api\2.1\jsp-api-2.1.jar;C:\Users\johnp\.m2\repository\com\sun\jersey\jersey-core\1.9\jersey-core-1.9.jar;C:\Users\johnp\.m2\repository\com\sun\jersey\jersey-json\1.9\jersey-json-1.9.jar;C:\Users\johnp\.m2\repository\org\codehaus\jettison\jettison\1.1\jettison-1.1.jar;C:\Users\johnp\.m2\repository\com\sun\xml\bind\jaxb-impl\2.2.3-1\jaxb-impl-2.2.3-1.jar;C:\Users\johnp\.m2\repository\org\codehaus\jackson\jackson-jaxrs\1.8.3\jackson-jaxrs-1.8.3.jar;C:\Users\johnp\.m2\repository\org\codehaus\jackson\jackson-xc\1.8.3\jackson-xc-1.8.3.jar;C:\Users\johnp\.m2\repository\com\sun\jersey\jersey-server\1.9\jersey-server-1.9.jar;C:\Users\johnp\.m2\repository\asm\asm\3.1\asm-3.1.jar;C:\Users\johnp\.m2\repository\log4j\log4j\1.2.17\log4j-1.2.17.jar;C:\Users\johnp\.m2\repository\net\java\dev\jets3t\jets3t\0.9.0\jets3t-0.9.0.jar;C:\Users\johnp\.m2\repository\com\jamesmurty\utils\java-xmlbuilder\0.4\java-xmlbuilder-0.4.jar;C:\Users\johnp\.m2\repository\commons-lang\commons-lang\2.6\commons-lang-2.6.jar;C:\Users\johnp\.m2\repository\commons-configuration\commons-configuration\1.6\commons-configuration-1.6.jar;C:\Users\johnp\.m2\repository\commons-digester\commons-digester\1.8\commons-digester-1.8.jar;C:\Users\johnp\.m2\repository\commons-beanutils\commons-beanutils\1.7.0\commons-beanutils-1.7.0.jar;C:\Users\johnp\.m2\repository\commons-beanutils\commons-beanutils-core\1.8.0\commons-beanutils-core-1.8.0.jar;C:\Users\johnp\.m2\repository\org\slf4j\slf4j-api\1.7.10\slf4j-api-1.7.10.jar;C:\Users\johnp\.m2\repository\org\slf4j\slf4j-log4j12\1.7.10\slf4j-log4j12-1.7.10.jar;C:\Users\johnp\.m2\repository\org\codehaus\jackson\jackson-core-asl\1.9.13\jackson-core-asl-1.9.13.jar;C:\Users\johnp\.m2\repository\org\codehaus\jackson\jackson-mapper-asl\1.9.13\jackson-mapper-asl-1.9.13.jar;C:\Users\johnp\.m2\repository\org\apache\avro\avro\1.7.4\avro-1.7.4.jar;C:\Users\johnp\.m2\repository\com\thoughtworks\paranamer\paranamer\2.3\paranamer-2.3.jar;C:\Users\johnp\.m2\repository\com\google\protobuf\protobuf-java\2.5.0\protobuf-java-2.5.0.jar;C:\Users\johnp\.m2\repository\com\google\code\gson\gson\2.2.4\gson-2.2.4.jar;C:\Users\johnp\.m2\repository\org\apache\hadoop\hadoop-auth\2.7.4\hadoop-auth-2.7.4.jar;C:\Users\johnp\.m2\repository\org\apache\directory\server\apacheds-kerberos-codec\2.0.0-M15\apacheds-kerberos-codec-2.0.0-M15.jar;C:\Users\johnp\.m2\repository\org\apache\directory\server\apacheds-i18n\2.0.0-M15\apacheds-i18n-2.0.0-M15.jar;C:\Users\johnp\.m2\repository\org\apache\directory\api\api-asn1-api\1.0.0-M20\api-asn1-api-1.0.0-M20.jar;C:\Users\johnp\.m2\repository\org\apache\directory\api\api-util\1.0.0-M20\api-util-1.0.0-M20.jar;C:\Users\johnp\.m2\repository\org\apache\curator\curator-framework\2.7.1\curator-framework-2.7.1.jar;C:\Users\johnp\.m2\repository\com\jcraft\jsch\0.1.54\jsch-0.1.54.jar;C:\Users\johnp\.m2\repository\org\apache\curator\curator-client\2.7.1\curator-client-2.7.1.jar;C:\Users\johnp\.m2\repository\org\apache\curator\curator-recipes\2.7.1\curator-recipes-2.7.1.jar;C:\Users\johnp\.m2\repository\com\google\code\findbugs\jsr305\3.0.0\jsr305-3.0.0.jar;C:\Users\johnp\.m2\repository\org\apache\htrace\htrace-core\3.1.0-incubating\htrace-core-3.1.0-incubating.jar;C:\Users\johnp\.m2\repository\org\apache\zookeeper\zookeeper\3.4.6\zookeeper-3.4.6.jar;C:\Users\johnp\.m2\repository\org\apache\commons\commons-compress\1.4.1\commons-compress-1.4.1.jar;C:\Users\johnp\.m2\repository\org\tukaani\xz\1.0\xz-1.0.jar;C:\Users\johnp\.m2\repository\org\apache\hadoop\hadoop-mapreduce-client-core\2.6.0\hadoop-mapreduce-client-core-2.6.0.jar;C:\Users\johnp\.m2\repository\org\apache\hadoop\hadoop-yarn-common\2.6.0\hadoop-yarn-common-2.6.0.jar;C:\Users\johnp\.m2\repository\org\apache\hadoop\hadoop-yarn-api\2.6.0\hadoop-yarn-api-2.6.0.jar;C:\Users\johnp\.m2\repository\javax\xml\bind\jaxb-api\2.2.2\jaxb-api-2.2.2.jar;C:\Users\johnp\.m2\repository\javax\xml\stream\stax-api\1.0-2\stax-api-1.0-2.jar;C:\Users\johnp\.m2\repository\javax\activation\activation\1.1\activation-1.1.jar;C:\Users\johnp\.m2\repository\com\sun\jersey\jersey-client\1.9\jersey-client-1.9.jar;C:\Users\johnp\.m2\repository\com\google\inject\guice\3.0\guice-3.0.jar;C:\Users\johnp\.m2\repository\javax\inject\javax.inject\1\javax.inject-1.jar;C:\Users\johnp\.m2\repository\aopalliance\aopalliance\1.0\aopalliance-1.0.jar;C:\Users\johnp\.m2\repository\com\sun\jersey\contribs\jersey-guice\1.9\jersey-guice-1.9.jar;C:\Users\johnp\.m2\repository\com\google\inject\extensions\guice-servlet\3.0\guice-servlet-3.0.jar;C:\Users\johnp\.m2\repository\io\netty\netty\3.6.2.Final\netty-3.6.2.Final.jar;C:\Users\johnp\.m2\repository\org\apache\flink\flink-hadoop-compatibility_2.12\1.16.1\flink-hadoop-compatibility_2.12-1.16.1.jar;C:\Users\johnp\.m2\repository\org\apache\flink\flink-shaded-force-shading\15.0\flink-shaded-force-shading-15.0.jar;C:\Users\johnp\.m2\repository\org\apache\flink\flink-scala_2.12\1.16.1\flink-scala_2.12-1.16.1.jar;C:\Users\johnp\.m2\repository\org\apache\flink\flink-core\1.16.1\flink-core-1.16.1.jar;C:\Users\johnp\.m2\repository\org\apache\flink\flink-annotations\1.16.1\flink-annotations-1.16.1.jar;C:\Users\johnp\.m2\repository\org\apache\flink\flink-metrics-core\1.16.1\flink-metrics-core-1.16.1.jar;C:\Users\johnp\.m2\repository\com\esotericsoftware\kryo\kryo\2.24.0\kryo-2.24.0.jar;C:\Users\johnp\.m2\repository\com\esotericsoftware\minlog\minlog\1.2\minlog-1.2.jar;C:\Users\johnp\.m2\repository\org\objenesis\objenesis\2.1\objenesis-2.1.jar;C:\Users\johnp\.m2\repository\org\apache\flink\flink-java\1.16.1\flink-java-1.16.1.jar;C:\Users\johnp\.m2\repository\com\twitter\chill-java\0.7.6\chill-java-0.7.6.jar;C:\Users\johnp\.m2\repository\org\apache\flink\flink-shaded-asm-9\9.2-15.0\flink-shaded-asm-9-9.2-15.0.jar;C:\Users\johnp\.m2\repository\org\scala-lang\scala-reflect\2.12.7\scala-reflect-2.12.7.jar;C:\Users\johnp\.m2\repository\org\scala-lang\scala-compiler\2.12.7\scala-compiler-2.12.7.jar;C:\Users\johnp\.m2\repository\org\scala-lang\modules\scala-xml_2.12\1.0.6\scala-xml_2.12-1.0.6.jar;C:\Users\johnp\.m2\repository\com\twitter\chill_2.12\0.7.6\chill_2.12-0.7.6.jar;C:\Users\johnp\.m2\repository\org\apache\flink\flink-streaming-scala_2.12\1.16.1\flink-streaming-scala_2.12-1.16.1.jar;C:\Users\johnp\.m2\repository\org\apache\flink\flink-streaming-java\1.16.1\flink-streaming-java-1.16.1.jar;C:\Users\johnp\.m2\repository\org\apache\flink\flink-file-sink-common\1.16.1\flink-file-sink-common-1.16.1.jar;C:\Users\johnp\.m2\repository\org\apache\flink\flink-runtime\1.16.1\flink-runtime-1.16.1.jar;C:\Users\johnp\.m2\repository\org\apache\flink\flink-rpc-core\1.16.1\flink-rpc-core-1.16.1.jar;C:\Users\johnp\.m2\repository\org\apache\flink\flink-rpc-akka-loader\1.16.1\flink-rpc-akka-loader-1.16.1.jar;C:\Users\johnp\.m2\repository\org\apache\flink\flink-queryable-state-client-java\1.16.1\flink-queryable-state-client-java-1.16.1.jar;C:\Users\johnp\.m2\repository\org\apache\flink\flink-hadoop-fs\1.16.1\flink-hadoop-fs-1.16.1.jar;C:\Users\johnp\.m2\repository\org\apache\flink\flink-shaded-netty\4.1.70.Final-15.0\flink-shaded-netty-4.1.70.Final-15.0.jar;C:\Users\johnp\.m2\repository\org\apache\flink\flink-shaded-guava\30.1.1-jre-15.0\flink-shaded-guava-30.1.1-jre-15.0.jar;C:\Users\johnp\.m2\repository\org\apache\flink\flink-shaded-jackson\2.12.4-15.0\flink-shaded-jackson-2.12.4-15.0.jar;C:\Users\johnp\.m2\repository\org\apache\flink\flink-shaded-zookeeper-3\3.5.9-15.0\flink-shaded-zookeeper-3-3.5.9-15.0.jar;C:\Users\johnp\.m2\repository\org\apache\commons\commons-lang3\3.3.2\commons-lang3-3.3.2.jar;C:\Users\johnp\.m2\repository\org\javassist\javassist\3.24.0-GA\javassist-3.24.0-GA.jar;C:\Users\johnp\.m2\repository\org\xerial\snappy\snappy-java\1.1.8.3\snappy-java-1.1.8.3.jar;C:\Users\johnp\.m2\repository\org\lz4\lz4-java\1.8.0\lz4-java-1.8.0.jar;C:\Users\johnp\.m2\repository\org\apache\flink\flink-runtime-web\1.16.1\flink-runtime-web-1.16.1.jar;C:\Users\johnp\.m2\repository\org\apache\flink\flink-clients\1.16.1\flink-clients-1.16.1.jar;C:\Users\johnp\.m2\repository\org\apache\flink\flink-optimizer\1.16.1\flink-optimizer-1.16.1.jar;C:\Users\johnp\.m2\repository\org\scala-lang\scala-library\2.12.12\scala-library-2.12.12.jar;C:\Users\johnp\.m2\repository\org\apache\flink\flink-table-api-java-bridge\1.16.1\flink-table-api-java-bridge-1.16.1.jar;C:\Users\johnp\.m2\repository\org\apache\flink\flink-table-api-java\1.16.1\flink-table-api-java-1.16.1.jar;C:\Users\johnp\.m2\repository\org\apache\flink\flink-table-api-bridge-base\1.16.1\flink-table-api-bridge-base-1.16.1.jar;C:\Users\johnp\.m2\repository\org\apache\flink\flink-table-runtime\1.16.1\flink-table-runtime-1.16.1.jar;C:\Users\johnp\.m2\repository\org\apache\flink\flink-table-common\1.16.1\flink-table-common-1.16.1.jar;C:\Users\johnp\.m2\repository\com\ibm\icu\icu4j\67.1\icu4j-67.1.jar;C:\Users\johnp\.m2\repository\org\apache\flink\flink-cep\1.16.1\flink-cep-1.16.1.jar;C:\Users\johnp\.m2\repository\org\apache\flink\flink-table-planner-loader\1.16.1\flink-table-planner-loader-1.16.1.jar;C:\Users\johnp\.m2\repository\org\apache\flink\flink-csv\1.16.1\flink-csv-1.16.1.jar;C:\Users\johnp\.m2\repository\org\apache\flink\flink-json\1.16.1\flink-json-1.16.1.jar;C:\Users\johnp\.m2\repository\org\apache\flink\flink-statebackend-rocksdb\1.16.1\flink-statebackend-rocksdb-1.16.1.jar;C:\Users\johnp\.m2\repository\com\ververica\frocksdbjni\6.20.3-ververica-1.0\frocksdbjni-6.20.3-ververica-1.0.jar;C:\Users\johnp\.m2\repository\org\apache\flink\flink-connector-kafka\1.16.1\flink-connector-kafka-1.16.1.jar;C:\Users\johnp\.m2\repository\org\apache\flink\flink-connector-base\1.16.1\flink-connector-base-1.16.1.jar;C:\Users\johnp\.m2\repository\org\apache\kafka\kafka-clients\3.2.3\kafka-clients-3.2.3.jar;C:\Users\johnp\.m2\repository\com\github\luben\zstd-jni\1.5.2-1\zstd-jni-1.5.2-1.jar;C:\Users\johnp\.m2\repository\org\apache\flink\flink-connector-rabbitmq\1.16.1\flink-connector-rabbitmq-1.16.1.jar;C:\Users\johnp\.m2\repository\com\rabbitmq\amqp-client\5.13.1\amqp-client-5.13.1.jar;C:\Users\johnp\.m2\repository\org\apache\logging\log4j\log4j-slf4j-impl\2.17.1\log4j-slf4j-impl-2.17.1.jar;C:\Users\johnp\.m2\repository\org\apache\logging\log4j\log4j-api\2.17.1\log4j-api-2.17.1.jar;C:\Users\johnp\.m2\repository\org\apache\logging\log4j\log4j-core\2.17.1\log4j-core-2.17.1.jar;C:\Users\johnp\.m2\repository\junit\junit\4.11\junit-4.11.jar;C:\Users\johnp\.m2\repository\org\hamcrest\hamcrest-core\1.3\hamcrest-core-1.3.jar;"/>
    <property name="sun.cpu.endian" value="little"/>
    <property name="user.home" value="C:\Users\johnp"/>
    <property name="user.language" value="en"/>
    <property name="java.specification.vendor" value="Oracle Corporation"/>
    <property name="java.version.date" value="2022-10-18"/>
    <property name="java.home" value="C:\Java\jdk-11.0.17"/>
    <property name="file.separator" value="\"/>
    <property name="basedir" value="C:\Users\johnp\Documents\CodesHere\information_system_bk1.8\info-system-flink"/>
    <property name="java.vm.compressedOopsMode" value="Zero based"/>
    <property name="line.separator" value="&#10;"/>
    <property name="java.specification.name" value="Java Platform API Specification"/>
    <property name="java.vm.specification.vendor" value="Oracle Corporation"/>
    <property name="java.awt.graphicsenv" value="sun.awt.Win32GraphicsEnvironment"/>
    <property name="surefire.real.class.path" value="C:\Users\johnp\AppData\Local\Temp\surefire3145053982694552721\surefirebooter10818968213216003218.jar"/>
    <property name="user.script" value=""/>
    <property name="sun.management.compiler" value="HotSpot 64-Bit Tiered Compilers"/>
    <property name="java.runtime.version" value="11.0.17+10-LTS-269"/>
    <property name="user.name" value="johnp"/>
    <property name="path.separator" value=";"/>
    <property name="os.version" value="10.0"/>
    <property name="java.runtime.name" value="Java(TM) SE Runtime Environment"/>
    <property name="file.encoding" value="Cp1253"/>
    <property name="java.vm.name" value="Java HotSpot(TM) 64-Bit Server VM"/>
    <property name="java.vendor.version" value="18.9"/>
    <property name="localRepository" value="C:\Users\johnp\.m2\repository"/>
    <property name="java.vendor.url.bug" value="https://bugreport.java.com/bugreport/"/>
    <property name="java.io.tmpdir" value="C:\Users\johnp\AppData\Local\Temp\"/>
    <property name="java.version" value="11.0.17"/>
    <property name="user.dir" value="C:\Users\johnp\Documents\CodesHere\information_system_bk1.8\info-system-flink"/>
    <property name="os.arch" value="amd64"/>
    <property name="java.vm.specification.name" value="Java Virtual Machine Specification"/>
    <property name="java.awt.printerjob" value="sun.awt.windows.WPrinterJob"/>
    <property name="user.language.format" value="el"/>
    <property name="sun.os.patch.level" value=""/>
    <property name="java.library.path" value="C:\Java\jdk-11.0.17\bin;C:\WINDOWS\Sun\Java\bin;C:\WINDOWS\system32;C:\WINDOWS;C:\Users\johnp\bin;C:\Program Files\Git\mingw64\bin;C:\Program Files\Git\usr\local\bin;C:\Program Files\Git\usr\bin;C:\Program Files\Git\usr\bin;C:\Program Files\Git\mingw64\bin;C:\Program Files\Git\usr\bin;C:\Users\johnp\bin;C:\Java\jdk-11.0.17\bin;C:\Program Files\ Common Files\Ora cle\Java\javapath;C:\WINDOWS\system32;C:\WINDOWS;C:\WINDOWS\System32\Wbem;C:\WINDOWS\System32\WindowsPowerShell\v1.0;C:\WINDOWS\System32\OpenSSH;C:\Program Files\Git\cmd;C:\Program Files\nodejs;C:\xampp\php;C:\Program Files\dotnet;C:\Program Files (x86)\SMLNJ\bin;C:\Users\johnp\AppData\Local\Microsoft\WindowsApps;C:\Users\johnp\AppData\Local\Programs\Microsoft VS Code\bin;C:\Users\johnp\AppData\Roaming\npm;C:\Program Files\heroku\bin;C:\Users\johnp\spicetify-cli;C:\Users\johnp\AppData\Local\ComposerSetup\bin;C:\Users\johnp\AppData\Roaming\Composer\vendor\bin;C:\Users\johnp\AppData\Local\Programs\Azure Data Studio\bin;C:\Users\johnp\.dotnet\tools;C:\Program Files\swipl\bin;C:\Users\johnp\AppData\Local\Microsoft\WindowsApps;C:\adb;C:\Users\johnp\AppData\Local\Packages\PythonSoftwareFoundation.Python.3.10_qbz5n2kfra8p0\LocalCache\local-packages\Python310\Scr;C:\Java\jdk-19\bin;C:\Users\johnp\Downloads\flink-play-john\apache-maven-3.8.6\bin;C:\Program Files\OpenVPN\bin;C:\Program Files\Docker\Docker\resources\bin;C:\Users\johnp\AppData\Local\Microsoft\WindowsApps;C:\Users\johnp\AppData\Local\Programs\Microsoft VS Code\bin;C:\Users\johnp\AppData\Roaming\npm;C:\Program Files\heroku\bin;C:\xampp\php;C:\Users\johnp\AppData\Local\ComposerSetup\bin;C:\Users\johnp\AppData\Roaming\Composer\vendor\bin;C:\Users\johnp\AppData\Local\Programs\Azure Data Studio\bin;C:\Users\johnp\.dotnet\tools;C:\Program Files\swipl\bin;C:\Users\johnp\AppData\Local\Microsoft\WindowsApps;C:\Users\johnp\AppData\Local\spicetify;C:\Program Files (x86)\Nmap;C:\Program Files\Git\usr\bin\vendor_perl;C:\Program Files\Git\usr\bin\core_perl;."/>
    <property name="java.vendor" value="Oracle Corporation"/>
    <property name="java.vm.info" value="mixed mode"/>
    <property name="java.vm.version" value="11.0.17+10-LTS-269"/>
    <property name="sun.io.unicode.encoding" value="UnicodeLittle"/>
    <property name="java.class.version" value="55.0"/>
  </properties>
  <testcase name="testApp" classname="com.infosystem.files.AppTest" time="0.004"/>
</testsuite>